<?xml version="1.0" encoding="UTF-8"?>
<testng-results ignored="0" total="0" passed="0" failed="0" skipped="0">
  <reporter-output>
  </reporter-output>
  <suite started-at="2023-06-13T14:27:29 MESZ" name="test1.TestingFirst" finished-at="2023-06-13T14:27:29 MESZ" duration-ms="10">
    <groups>
    </groups>
    <test started-at="2023-06-13T14:27:29 MESZ" name="Command line test" finished-at="2023-06-13T14:27:29 MESZ" duration-ms="10">
    </test> <!-- Command line test -->
  </suite> <!-- test1.TestingFirst -->
</testng-results>
